<?xml version="1.0" encoding="UTF-8"?>
<testsuite xmlns:xsi="http://www.w3.org/2001/XMLSchema-instance" xsi:noNamespaceSchemaLocation="https://maven.apache.org/surefire/maven-surefire-plugin/xsd/surefire-test-report-3.0.xsd" version="3.0" name="com.example.entities.EmployeeTest" time="1.182" tests="1" errors="0" skipped="0" failures="0">
  <properties>
[...]
</properties>
  <testcase name="buscarPorId" classname="com.example.entities.EmployeeTest" time="1.174">
    <system-out><![CDATA[Hibernate: 
    select
        e1_0.id,
        e1_0.age,
        e1_0.birth_date,
        e1_0.email,
        e1_0.first_name,
        e1_0.last_name,
        e1_0.married,
        e1_0.register_date,
        e1_0.salary 
    from
        ob_employees e1_0 
    where
        e1_0.id=?
Employee{id=11, firstName='Empleado10 editado', lastName='Garcia', email='empledo@gmail.com', age=32, salary=40000.0, married=true, birthDate=1990-01-01, registerDate=2025-04-06T20:48:49.582483}
]]></system-out>
    <system-err><![CDATA[abr 06, 2025 8:49:55 P. M. org.hibernate.Version logVersion
INFO: HHH000412: Hibernate ORM core version 6.6.12.Final
abr 06, 2025 8:49:55 P. M. org.hibernate.cache.internal.RegionFactoryInitiator initiateService
INFO: HHH000026: Second-level cache disabled
abr 06, 2025 8:49:56 P. M. org.hibernate.engine.jdbc.connections.internal.DriverManagerConnectionProviderImpl configure
WARN: HHH10001002: Using built-in connection pool (not intended for production use)
abr 06, 2025 8:49:56 P. M. org.hibernate.engine.jdbc.dialect.internal.DialectFactoryImpl constructDialect
WARN: HHH90000025: MySQL8Dialect does not need to be specified explicitly using 'hibernate.dialect' (remove the property setting and it will be selected by default)
abr 06, 2025 8:49:56 P. M. org.hibernate.engine.jdbc.dialect.internal.DialectFactoryImpl logSelectedDialect
WARN: HHH90000026: MySQL8Dialect has been deprecated; use org.hibernate.dialect.MySQLDialect instead
abr 06, 2025 8:49:56 P. M. org.hibernate.engine.jdbc.env.internal.JdbcEnvironmentInitiator initiateService
INFO: HHH10001005: Database info:
	Database JDBC URL [jdbc:mysql://localhost:3306/prueba_hibernate?createDatabaseIfNotExist=true]
	Database driver: com.mysql.cj.jdbc.Driver
	Database version: 8.0
	Autocommit mode: false
	Isolation level: undefined/unknown
	Minimum pool size: 1
	Maximum pool size: 20
abr 06, 2025 8:49:56 P. M. org.hibernate.resource.transaction.backend.jdbc.internal.DdlTransactionIsolatorNonJtaImpl getIsolatedConnection
INFO: HHH10001501: Connection obtained from JdbcConnectionAccess [org.hibernate.engine.jdbc.env.internal.JdbcEnvironmentInitiator$ConnectionProviderJdbcConnectionAccess@1d2d8846] for (non-JTA) DDL execution was not in auto-commit mode; the Connection 'local transaction' will be committed and the Connection will be set into auto-commit mode.
]]></system-err>
  </testcase>
</testsuite>